\BOOKMARK [0][-]{chapter.1}{\376\377\000D\000i\000r\000e\000c\000t\000o\000r\000y\000\040\000H\000i\000e\000r\000a\000r\000c\000h\000y}{}
\BOOKMARK [1][-]{section.1.1}{\376\377\000D\000i\000r\000e\000c\000t\000o\000r\000i\000e\000s}{chapter.1}
\BOOKMARK [0][-]{chapter.2}{\376\377\000C\000l\000a\000s\000s\000\040\000I\000n\000d\000e\000x}{}
\BOOKMARK [1][-]{section.2.1}{\376\377\000C\000l\000a\000s\000s\000\040\000L\000i\000s\000t}{chapter.2}
\BOOKMARK [0][-]{chapter.3}{\376\377\000F\000i\000l\000e\000\040\000I\000n\000d\000e\000x}{}
\BOOKMARK [1][-]{section.3.1}{\376\377\000F\000i\000l\000e\000\040\000L\000i\000s\000t}{chapter.3}
\BOOKMARK [0][-]{chapter.4}{\376\377\000D\000i\000r\000e\000c\000t\000o\000r\000y\000\040\000D\000o\000c\000u\000m\000e\000n\000t\000a\000t\000i\000o\000n}{}
\BOOKMARK [1][-]{section.4.1}{\376\377\000/\000h\000o\000m\000e\000/\000g\000a\000r\000e\000t\000h\000/\000g\000i\000t\000/\000m\000o\000d\000f\000o\000s\000s\000a\000/\000M\000o\000d\000F\000o\000s\000s\000a\000C\000p\000p\000/\000s\000r\000c\000/\000M\000a\000r\000k\000o\000v\000M\000o\000d\000e\000l\000/\000\040\000D\000i\000r\000e\000c\000t\000o\000r\000y\000\040\000R\000e\000f\000e\000r\000e\000n\000c\000e}{chapter.4}
\BOOKMARK [1][-]{section.4.2}{\376\377\000/\000h\000o\000m\000e\000/\000g\000a\000r\000e\000t\000h\000/\000g\000i\000t\000/\000m\000o\000d\000f\000o\000s\000s\000a\000/\000M\000o\000d\000F\000o\000s\000s\000a\000C\000p\000p\000/\000s\000r\000c\000/\000R\000a\000t\000e\000C\000o\000n\000s\000t\000a\000n\000t\000/\000\040\000D\000i\000r\000e\000c\000t\000o\000r\000y\000\040\000R\000e\000f\000e\000r\000e\000n\000c\000e}{chapter.4}
\BOOKMARK [1][-]{section.4.3}{\376\377\000/\000h\000o\000m\000e\000/\000g\000a\000r\000e\000t\000h\000/\000g\000i\000t\000/\000m\000o\000d\000f\000o\000s\000s\000a\000/\000M\000o\000d\000F\000o\000s\000s\000a\000C\000p\000p\000/\000s\000r\000c\000/\000S\000i\000m\000u\000l\000a\000t\000i\000o\000n\000S\000t\000a\000t\000e\000/\000\040\000D\000i\000r\000e\000c\000t\000o\000r\000y\000\040\000R\000e\000f\000e\000r\000e\000n\000c\000e}{chapter.4}
\BOOKMARK [1][-]{section.4.4}{\376\377\000/\000h\000o\000m\000e\000/\000g\000a\000r\000e\000t\000h\000/\000g\000i\000t\000/\000m\000o\000d\000f\000o\000s\000s\000a\000/\000M\000o\000d\000F\000o\000s\000s\000a\000C\000p\000p\000/\000s\000r\000c\000/\000\040\000D\000i\000r\000e\000c\000t\000o\000r\000y\000\040\000R\000e\000f\000e\000r\000e\000n\000c\000e}{chapter.4}
\BOOKMARK [1][-]{section.4.5}{\376\377\000/\000h\000o\000m\000e\000/\000g\000a\000r\000e\000t\000h\000/\000g\000i\000t\000/\000m\000o\000d\000f\000o\000s\000s\000a\000/\000M\000o\000d\000F\000o\000s\000s\000a\000C\000p\000p\000/\000s\000r\000c\000/\000S\000t\000a\000t\000e\000/\000\040\000D\000i\000r\000e\000c\000t\000o\000r\000y\000\040\000R\000e\000f\000e\000r\000e\000n\000c\000e}{chapter.4}
\BOOKMARK [0][-]{chapter.5}{\376\377\000C\000l\000a\000s\000s\000\040\000D\000o\000c\000u\000m\000e\000n\000t\000a\000t\000i\000o\000n}{}
\BOOKMARK [1][-]{section.5.1}{\376\377\000M\000a\000r\000k\000o\000v\000M\000o\000d\000e\000l\000\040\000C\000l\000a\000s\000s\000\040\000R\000e\000f\000e\000r\000e\000n\000c\000e}{chapter.5}
\BOOKMARK [2][-]{subsection.5.1.1}{\376\377\000D\000e\000t\000a\000i\000l\000e\000d\000\040\000D\000e\000s\000c\000r\000i\000p\000t\000i\000o\000n}{section.5.1}
\BOOKMARK [2][-]{subsection.5.1.2}{\376\377\000C\000o\000n\000s\000t\000r\000u\000c\000t\000o\000r\000\040\000\046\000\040\000D\000e\000s\000t\000r\000u\000c\000t\000o\000r\000\040\000D\000o\000c\000u\000m\000e\000n\000t\000a\000t\000i\000o\000n}{section.5.1}
\BOOKMARK [3][-]{subsubsection.5.1.2.1}{\376\377\000M\000a\000r\000k\000o\000v\000M\000o\000d\000e\000l}{subsection.5.1.2}
\BOOKMARK [3][-]{subsubsection.5.1.2.2}{\376\377\000M\000a\000r\000k\000o\000v\000M\000o\000d\000e\000l}{subsection.5.1.2}
\BOOKMARK [2][-]{subsection.5.1.3}{\376\377\000M\000e\000m\000b\000e\000r\000\040\000F\000u\000n\000c\000t\000i\000o\000n\000\040\000D\000o\000c\000u\000m\000e\000n\000t\000a\000t\000i\000o\000n}{section.5.1}
\BOOKMARK [3][-]{subsubsection.5.1.3.1}{\376\377\000A\000d\000d\000B\000o\000l\000z\000t\000m\000a\000n\000n\000R\000a\000t\000e\000C\000o\000n\000s\000t\000a\000n\000t}{subsection.5.1.3}
\BOOKMARK [3][-]{subsubsection.5.1.3.2}{\376\377\000A\000d\000d\000C\000o\000n\000s\000t\000a\000n\000t\000R\000a\000t\000e\000C\000o\000n\000s\000t\000a\000n\000t}{subsection.5.1.3}
\BOOKMARK [3][-]{subsubsection.5.1.3.3}{\376\377\000A\000d\000d\000E\000x\000p\000o\000n\000e\000n\000t\000i\000a\000l\000R\000a\000t\000e\000C\000o\000n\000s\000t\000a\000n\000t}{subsection.5.1.3}
\BOOKMARK [3][-]{subsubsection.5.1.3.4}{\376\377\000A\000d\000d\000L\000i\000g\000a\000n\000d\000D\000e\000p\000e\000n\000d\000e\000n\000t\000R\000a\000t\000e\000C\000o\000n\000s\000t\000a\000n\000t}{subsection.5.1.3}
\BOOKMARK [3][-]{subsubsection.5.1.3.5}{\376\377\000A\000d\000d\000S\000i\000g\000m\000o\000i\000d\000a\000l\000R\000a\000t\000e\000C\000o\000n\000s\000t\000a\000n\000t}{subsection.5.1.3}
\BOOKMARK [3][-]{subsubsection.5.1.3.6}{\376\377\000A\000d\000d\000S\000t\000a\000t\000e}{subsection.5.1.3}
\BOOKMARK [2][-]{subsection.5.1.4}{\376\377\000M\000e\000m\000b\000e\000r\000\040\000D\000a\000t\000a\000\040\000D\000o\000c\000u\000m\000e\000n\000t\000a\000t\000i\000o\000n}{section.5.1}
\BOOKMARK [3][-]{subsubsection.5.1.4.1}{\376\377\000c\000o\000n\000n\000e\000c\000t\000i\000o\000n\000M\000a\000n\000a\000g\000e\000r}{subsection.5.1.4}
\BOOKMARK [3][-]{subsubsection.5.1.4.2}{\376\377\000m\000a\000p\000O\000f\000R\000a\000t\000e\000s}{subsection.5.1.4}
\BOOKMARK [3][-]{subsubsection.5.1.4.3}{\376\377\000m\000a\000p\000O\000f\000S\000t\000a\000t\000e\000s}{subsection.5.1.4}
\BOOKMARK [3][-]{subsubsection.5.1.4.4}{\376\377\000m\000o\000d\000e\000l\000D\000e\000s\000c\000r\000i\000p\000t\000i\000o\000n}{subsection.5.1.4}
\BOOKMARK [1][-]{section.5.2}{\376\377\000R\000a\000t\000e\000C\000o\000n\000s\000t\000a\000n\000t\000B\000a\000s\000e\000\040\000C\000l\000a\000s\000s\000\040\000R\000e\000f\000e\000r\000e\000n\000c\000e}{chapter.5}
\BOOKMARK [2][-]{subsection.5.2.1}{\376\377\000D\000e\000t\000a\000i\000l\000e\000d\000\040\000D\000e\000s\000c\000r\000i\000p\000t\000i\000o\000n}{section.5.2}
\BOOKMARK [2][-]{subsection.5.2.2}{\376\377\000C\000o\000n\000s\000t\000r\000u\000c\000t\000o\000r\000\040\000\046\000\040\000D\000e\000s\000t\000r\000u\000c\000t\000o\000r\000\040\000D\000o\000c\000u\000m\000e\000n\000t\000a\000t\000i\000o\000n}{section.5.2}
\BOOKMARK [3][-]{subsubsection.5.2.2.1}{\376\377\000R\000a\000t\000e\000C\000o\000n\000s\000t\000a\000n\000t\000B\000a\000s\000e}{subsection.5.2.2}
\BOOKMARK [3][-]{subsubsection.5.2.2.2}{\376\377\000R\000a\000t\000e\000C\000o\000n\000s\000t\000a\000n\000t\000B\000a\000s\000e}{subsection.5.2.2}
\BOOKMARK [2][-]{subsection.5.2.3}{\376\377\000M\000e\000m\000b\000e\000r\000\040\000F\000u\000n\000c\000t\000i\000o\000n\000\040\000D\000o\000c\000u\000m\000e\000n\000t\000a\000t\000i\000o\000n}{section.5.2}
\BOOKMARK [3][-]{subsubsection.5.2.3.1}{\376\377\000G\000e\000t\000R\000a\000t\000e}{subsection.5.2.3}
\BOOKMARK [1][-]{section.5.3}{\376\377\000S\000t\000a\000t\000e\000\040\000C\000l\000a\000s\000s\000\040\000R\000e\000f\000e\000r\000e\000n\000c\000e}{chapter.5}
\BOOKMARK [2][-]{subsection.5.3.1}{\376\377\000D\000e\000t\000a\000i\000l\000e\000d\000\040\000D\000e\000s\000c\000r\000i\000p\000t\000i\000o\000n}{section.5.3}
\BOOKMARK [2][-]{subsection.5.3.2}{\376\377\000C\000o\000n\000s\000t\000r\000u\000c\000t\000o\000r\000\040\000\046\000\040\000D\000e\000s\000t\000r\000u\000c\000t\000o\000r\000\040\000D\000o\000c\000u\000m\000e\000n\000t\000a\000t\000i\000o\000n}{section.5.3}
\BOOKMARK [3][-]{subsubsection.5.3.2.1}{\376\377\000S\000t\000a\000t\000e}{subsection.5.3.2}
\BOOKMARK [3][-]{subsubsection.5.3.2.2}{\376\377\000S\000t\000a\000t\000e}{subsection.5.3.2}
\BOOKMARK [2][-]{subsection.5.3.3}{\376\377\000M\000e\000m\000b\000e\000r\000\040\000F\000u\000n\000c\000t\000i\000o\000n\000\040\000D\000o\000c\000u\000m\000e\000n\000t\000a\000t\000i\000o\000n}{section.5.3}
\BOOKMARK [3][-]{subsubsection.5.3.3.1}{\376\377\000G\000e\000t\000I\000n\000d\000e\000x}{subsection.5.3.3}
\BOOKMARK [3][-]{subsubsection.5.3.3.2}{\376\377\000G\000e\000t\000I\000s\000C\000o\000n\000d\000u\000c\000t\000i\000n\000g}{subsection.5.3.3}
\BOOKMARK [3][-]{subsubsection.5.3.3.3}{\376\377\000G\000e\000t\000I\000s\000I\000n\000i\000t\000i\000a\000l\000S\000t\000a\000t\000e}{subsection.5.3.3}
\BOOKMARK [3][-]{subsubsection.5.3.3.4}{\376\377\000G\000e\000t\000N\000a\000m\000e}{subsection.5.3.3}
\BOOKMARK [3][-]{subsubsection.5.3.3.5}{\376\377\000S\000e\000t\000I\000n\000d\000e\000x}{subsection.5.3.3}
\BOOKMARK [3][-]{subsubsection.5.3.3.6}{\376\377\000S\000e\000t\000I\000s\000C\000o\000n\000d\000u\000c\000t\000i\000n\000g}{subsection.5.3.3}
\BOOKMARK [3][-]{subsubsection.5.3.3.7}{\376\377\000S\000e\000t\000I\000s\000I\000n\000i\000t\000i\000a\000l\000S\000t\000a\000t\000e}{subsection.5.3.3}
\BOOKMARK [3][-]{subsubsection.5.3.3.8}{\376\377\000S\000e\000t\000N\000a\000m\000e}{subsection.5.3.3}
\BOOKMARK [2][-]{subsection.5.3.4}{\376\377\000M\000e\000m\000b\000e\000r\000\040\000D\000a\000t\000a\000\040\000D\000o\000c\000u\000m\000e\000n\000t\000a\000t\000i\000o\000n}{section.5.3}
\BOOKMARK [3][-]{subsubsection.5.3.4.1}{\376\377\000i\000n\000d\000e\000x}{subsection.5.3.4}
\BOOKMARK [3][-]{subsubsection.5.3.4.2}{\376\377\000i\000s\000C\000o\000n\000d\000u\000c\000t\000i\000n\000g}{subsection.5.3.4}
\BOOKMARK [3][-]{subsubsection.5.3.4.3}{\376\377\000i\000s\000I\000n\000i\000t\000i\000a\000l\000S\000t\000a\000t\000e}{subsection.5.3.4}
\BOOKMARK [3][-]{subsubsection.5.3.4.4}{\376\377\000n\000a\000m\000e}{subsection.5.3.4}
\BOOKMARK [1][-]{section.5.4}{\376\377\000S\000t\000a\000t\000e\000O\000f\000T\000h\000e\000W\000o\000r\000l\000d\000\040\000C\000l\000a\000s\000s\000\040\000R\000e\000f\000e\000r\000e\000n\000c\000e}{chapter.5}
\BOOKMARK [2][-]{subsection.5.4.1}{\376\377\000D\000e\000t\000a\000i\000l\000e\000d\000\040\000D\000e\000s\000c\000r\000i\000p\000t\000i\000o\000n}{section.5.4}
\BOOKMARK [2][-]{subsection.5.4.2}{\376\377\000C\000o\000n\000s\000t\000r\000u\000c\000t\000o\000r\000\040\000\046\000\040\000D\000e\000s\000t\000r\000u\000c\000t\000o\000r\000\040\000D\000o\000c\000u\000m\000e\000n\000t\000a\000t\000i\000o\000n}{section.5.4}
\BOOKMARK [3][-]{subsubsection.5.4.2.1}{\376\377\000S\000t\000a\000t\000e\000O\000f\000T\000h\000e\000W\000o\000r\000l\000d}{subsection.5.4.2}
\BOOKMARK [3][-]{subsubsection.5.4.2.2}{\376\377\000S\000t\000a\000t\000e\000O\000f\000T\000h\000e\000W\000o\000r\000l\000d}{subsection.5.4.2}
\BOOKMARK [0][-]{chapter.6}{\376\377\000F\000i\000l\000e\000\040\000D\000o\000c\000u\000m\000e\000n\000t\000a\000t\000i\000o\000n}{}
\BOOKMARK [1][-]{section.6.1}{\376\377\000/\000h\000o\000m\000e\000/\000g\000a\000r\000e\000t\000h\000/\000g\000i\000t\000/\000m\000o\000d\000f\000o\000s\000s\000a\000/\000M\000o\000d\000F\000o\000s\000s\000a\000C\000p\000p\000/\000s\000r\000c\000/\000M\000a\000r\000k\000o\000v\000M\000o\000d\000e\000l\000/\000M\000a\000r\000k\000o\000v\000M\000o\000d\000e\000l\000.\000c\000p\000p\000\040\000F\000i\000l\000e\000\040\000R\000e\000f\000e\000r\000e\000n\000c\000e}{chapter.6}
\BOOKMARK [1][-]{section.6.2}{\376\377\000/\000h\000o\000m\000e\000/\000g\000a\000r\000e\000t\000h\000/\000g\000i\000t\000/\000m\000o\000d\000f\000o\000s\000s\000a\000/\000M\000o\000d\000F\000o\000s\000s\000a\000C\000p\000p\000/\000s\000r\000c\000/\000M\000a\000r\000k\000o\000v\000M\000o\000d\000e\000l\000/\000M\000a\000r\000k\000o\000v\000M\000o\000d\000e\000l\000.\000h\000\040\000F\000i\000l\000e\000\040\000R\000e\000f\000e\000r\000e\000n\000c\000e}{chapter.6}
\BOOKMARK [1][-]{section.6.3}{\376\377\000/\000h\000o\000m\000e\000/\000g\000a\000r\000e\000t\000h\000/\000g\000i\000t\000/\000m\000o\000d\000f\000o\000s\000s\000a\000/\000M\000o\000d\000F\000o\000s\000s\000a\000C\000p\000p\000/\000s\000r\000c\000/\000R\000a\000t\000e\000C\000o\000n\000s\000t\000a\000n\000t\000/\000R\000a\000t\000e\000C\000o\000n\000s\000t\000a\000n\000t\000B\000a\000s\000e\000.\000c\000p\000p\000\040\000F\000i\000l\000e\000\040\000R\000e\000f\000e\000r\000e\000n\000c\000e}{chapter.6}
\BOOKMARK [1][-]{section.6.4}{\376\377\000/\000h\000o\000m\000e\000/\000g\000a\000r\000e\000t\000h\000/\000g\000i\000t\000/\000m\000o\000d\000f\000o\000s\000s\000a\000/\000M\000o\000d\000F\000o\000s\000s\000a\000C\000p\000p\000/\000s\000r\000c\000/\000R\000a\000t\000e\000C\000o\000n\000s\000t\000a\000n\000t\000/\000R\000a\000t\000e\000C\000o\000n\000s\000t\000a\000n\000t\000B\000a\000s\000e\000.\000h\000\040\000F\000i\000l\000e\000\040\000R\000e\000f\000e\000r\000e\000n\000c\000e}{chapter.6}
\BOOKMARK [1][-]{section.6.5}{\376\377\000/\000h\000o\000m\000e\000/\000g\000a\000r\000e\000t\000h\000/\000g\000i\000t\000/\000m\000o\000d\000f\000o\000s\000s\000a\000/\000M\000o\000d\000F\000o\000s\000s\000a\000C\000p\000p\000/\000s\000r\000c\000/\000R\000a\000t\000e\000C\000o\000n\000s\000t\000a\000n\000t\000/\000R\000a\000t\000e\000C\000o\000n\000s\000t\000a\000n\000t\000T\000y\000p\000e\000.\000h\000\040\000F\000i\000l\000e\000\040\000R\000e\000f\000e\000r\000e\000n\000c\000e}{chapter.6}
\BOOKMARK [2][-]{subsection.6.5.1}{\376\377\000E\000n\000u\000m\000e\000r\000a\000t\000i\000o\000n\000\040\000T\000y\000p\000e\000\040\000D\000o\000c\000u\000m\000e\000n\000t\000a\000t\000i\000o\000n}{section.6.5}
\BOOKMARK [3][-]{subsubsection.6.5.1.1}{\376\377\000R\000a\000t\000e\000C\000o\000n\000s\000t\000a\000n\000t\000T\000y\000p\000e}{subsection.6.5.1}
\BOOKMARK [1][-]{section.6.6}{\376\377\000/\000h\000o\000m\000e\000/\000g\000a\000r\000e\000t\000h\000/\000g\000i\000t\000/\000m\000o\000d\000f\000o\000s\000s\000a\000/\000M\000o\000d\000F\000o\000s\000s\000a\000C\000p\000p\000/\000s\000r\000c\000/\000S\000i\000m\000u\000l\000a\000t\000i\000o\000n\000S\000t\000a\000t\000e\000/\000S\000t\000a\000t\000e\000O\000f\000T\000h\000e\000W\000o\000r\000l\000d\000.\000c\000p\000p\000\040\000F\000i\000l\000e\000\040\000R\000e\000f\000e\000r\000e\000n\000c\000e}{chapter.6}
\BOOKMARK [1][-]{section.6.7}{\376\377\000/\000h\000o\000m\000e\000/\000g\000a\000r\000e\000t\000h\000/\000g\000i\000t\000/\000m\000o\000d\000f\000o\000s\000s\000a\000/\000M\000o\000d\000F\000o\000s\000s\000a\000C\000p\000p\000/\000s\000r\000c\000/\000S\000i\000m\000u\000l\000a\000t\000i\000o\000n\000S\000t\000a\000t\000e\000/\000S\000t\000a\000t\000e\000O\000f\000T\000h\000e\000W\000o\000r\000l\000d\000.\000h\000\040\000F\000i\000l\000e\000\040\000R\000e\000f\000e\000r\000e\000n\000c\000e}{chapter.6}
\BOOKMARK [1][-]{section.6.8}{\376\377\000/\000h\000o\000m\000e\000/\000g\000a\000r\000e\000t\000h\000/\000g\000i\000t\000/\000m\000o\000d\000f\000o\000s\000s\000a\000/\000M\000o\000d\000F\000o\000s\000s\000a\000C\000p\000p\000/\000s\000r\000c\000/\000S\000t\000a\000t\000e\000/\000S\000t\000a\000t\000e\000.\000c\000p\000p\000\040\000F\000i\000l\000e\000\040\000R\000e\000f\000e\000r\000e\000n\000c\000e}{chapter.6}
\BOOKMARK [1][-]{section.6.9}{\376\377\000/\000h\000o\000m\000e\000/\000g\000a\000r\000e\000t\000h\000/\000g\000i\000t\000/\000m\000o\000d\000f\000o\000s\000s\000a\000/\000M\000o\000d\000F\000o\000s\000s\000a\000C\000p\000p\000/\000s\000r\000c\000/\000S\000t\000a\000t\000e\000/\000S\000t\000a\000t\000e\000.\000h\000\040\000F\000i\000l\000e\000\040\000R\000e\000f\000e\000r\000e\000n\000c\000e}{chapter.6}
